
================================================================
======== txAdmin v7.1.0 atop fxserver 7900 Starting - 14-4-2024 23:17:23
================================================================
[23:17:47][Hulst_RP] created admins file
[23:18:06][Hulst_RP] Changing global settings via setup stepper and started Deployer.
[23:18:12][Hulst_RP] Setting recipe.
[23:20:26][Hulst_RP] Running recipe.
[23:21:42][Hulst_RP] Completed and committed server deploy.

================================================================
======== txAdmin v7.1.0 atop fxserver 7900 Starting - 14-4-2024 23:35:41
================================================================
[23:45:05][Hulst_RP] logged in from 127.0.0.1 via cfxre
[23:45:10][Hulst_RP] executed "RESTART SERVER"
[23:48:10][Hulst_RP] executed "RESTART SERVER"
[23:49:05][Hulst_RP] Changing fxRunner settings.
[23:49:09][Hulst_RP] executed "RESTART SERVER"
[23:50:09][Hulst_RP] executed "RESTART SERVER"
[23:51:32][Hulst_RP] executed "RESTART SERVER"
[23:54:09][Hulst_RP] executed "setgroup 1 superadmin"
[00:04:59][Hulst_RP] executed "RESTART SERVER"
[00:05:39][Hulst_RP] executed "RESTART SERVER"
[00:07:06][Hulst_RP] executed "RESTART SERVER"
[00:07:43][Hulst_RP] executed "RESTART SERVER"
[00:11:21][Hulst_RP] executed "RESTART SERVER"
[00:12:53][Hulst_RP] executed "RESTART SERVER"
[00:20:07][Hulst_RP] executed "RESTART SERVER"
[00:25:09][Hulst_RP] executed "restart qs-smartphone-pro"
[00:26:36][Hulst_RP] executed "RESTART SERVER"
[00:46:29][Hulst_RP] executed "RESTART SERVER"
[00:52:20][Hulst_RP] executed "RESTART SERVER"
[00:54:47][Hulst_RP] executed "RESTART SERVER"
[00:55:26][Hulst_RP] executed "RESTART SERVER"
[01:00:03][Hulst_RP] executed "giveaccountmoney 1 cash 2500"
[01:00:10][Hulst_RP] executed "giveaccountmoney 1 money 2500"

================================================================
======== txAdmin v7.1.0 atop fxserver 7900 Starting - 15-4-2024 01:16:25
================================================================
