
================================================================
======== Log Rotated - 15-4-2024 00:00:00                       
================================================================
[00:04:59] [Dj6KD#1] Cas: disconnected ([txAdmin] Server restarting (requested by Hulst_RP).)
[00:05:17] txAdmin: Logger started
[00:05:57] txAdmin: Logger started
[00:07:20] txAdmin: Logger started
[00:07:56] txAdmin: Logger started
[00:11:35] txAdmin: Logger started
[00:13:07] txAdmin: Logger started
[00:20:21] txAdmin: Logger started
[00:20:58] [6KrpJ#1] Cas: joined with identifiers [license:b9b3b25b969c0685a8744448bc4d150dd16aea17; discord:734834064472801342; fivem:1108791; license2:b9b3b25b969c0685a8744448bc4d150dd16aea17]
[00:26:36] [6KrpJ#1] Cas: disconnected ([txAdmin] Server restarting (requested by Hulst_RP).)
[00:26:50] txAdmin: Logger started
[00:27:40] [aerRX#1] Cas: joined with identifiers [license:b9b3b25b969c0685a8744448bc4d150dd16aea17; discord:734834064472801342; fivem:1108791; license2:b9b3b25b969c0685a8744448bc4d150dd16aea17]
[00:46:29] [aerRX#1] Cas: disconnected ([txAdmin] Server restarting (requested by Hulst_RP).)
[00:46:43] txAdmin: Logger started
[00:52:34] txAdmin: Logger started
[00:55:01] txAdmin: Logger started
[00:55:40] txAdmin: Logger started
[00:56:06] [gWVKQ#1] Cas: joined with identifiers [license:b9b3b25b969c0685a8744448bc4d150dd16aea17; discord:734834064472801342; fivem:1108791; license2:b9b3b25b969c0685a8744448bc4d150dd16aea17]
[00:57:04] [gWVKQ#1] Cas: said "/noclpi"
[01:15:17] [gWVKQ#1] Cas: disconnected (Exiting)

================================================================
======== txAdmin Starting - 15-4-2024 01:16:25                  
================================================================
[01:16:33] txAdmin: Logger started
